mode: atomic
github.com/clickhouse.com/data-plane-application/flowd/pkg/grpc/mock/mock_flow_handler.go:34.71,38.2 3 0
github.com/clickhouse.com/data-plane-application/flowd/pkg/grpc/mock/mock_flow_handler.go:41.69,43.2 1 0
github.com/clickhouse.com/data-plane-application/flowd/pkg/grpc/mock/mock_flow_handler.go:46.122,49.25 3 0
github.com/clickhouse.com/data-plane-application/flowd/pkg/grpc/mock/mock_flow_handler.go:49.25,51.3 1 0
github.com/clickhouse.com/data-plane-application/flowd/pkg/grpc/mock/mock_flow_handler.go:52.2,55.19 4 0
github.com/clickhouse.com/data-plane-application/flowd/pkg/grpc/mock/mock_flow_handler.go:59.84,63.2 3 0
github.com/clickhouse.com/data-plane-application/flowd/pkg/grpc/mock/mock_flow_handler.go:77.85,81.2 3 0
github.com/clickhouse.com/data-plane-application/flowd/pkg/grpc/mock/mock_flow_handler.go:84.83,86.2 1 0
github.com/clickhouse.com/data-plane-application/flowd/pkg/grpc/mock/mock_flow_handler.go:89.85,95.2 5 0
github.com/clickhouse.com/data-plane-application/flowd/pkg/grpc/mock/mock_flow_handler.go:98.77,101.2 2 0
github.com/clickhouse.com/data-plane-application/flowd/pkg/grpc/mock/mock_flow_handler.go:104.54,109.2 4 0
github.com/clickhouse.com/data-plane-application/flowd/pkg/grpc/mock/mock_flow_handler.go:112.74,115.2 2 0
github.com/clickhouse.com/data-plane-application/flowd/pkg/grpc/mock/mock_flow_handler.go:118.62,123.2 4 0
github.com/clickhouse.com/data-plane-application/flowd/pkg/grpc/mock/mock_flow_handler.go:126.72,129.2 2 0
github.com/clickhouse.com/data-plane-application/flowd/pkg/grpc/mock/mock_flow_handler.go:132.66,138.2 5 0
github.com/clickhouse.com/data-plane-application/flowd/pkg/grpc/mock/mock_flow_handler.go:141.71,144.2 2 0
github.com/clickhouse.com/data-plane-application/flowd/pkg/grpc/mock/mock_flow_handler.go:147.59,152.2 4 0
github.com/clickhouse.com/data-plane-application/flowd/pkg/grpc/mock/mock_flow_handler.go:155.77,158.2 2 0
github.com/clickhouse.com/data-plane-application/flowd/pkg/grpc/mock/mock_flow_handler.go:161.71,166.2 4 0
github.com/clickhouse.com/data-plane-application/flowd/pkg/grpc/mock/mock_flow_handler.go:169.77,172.2 2 0
github.com/clickhouse.com/data-plane-application/flowd/pkg/grpc/mock/mock_flow_handler.go:175.59,180.2 4 0
github.com/clickhouse.com/data-plane-application/flowd/pkg/grpc/mock/mock_flow_handler.go:183.77,186.2 2 0
github.com/clickhouse.com/data-plane-application/flowd/pkg/grpc/mock/mock_flow_handler.go:189.58,194.2 4 0
github.com/clickhouse.com/data-plane-application/flowd/pkg/grpc/mock/mock_flow_handler.go:197.72,200.2 2 0
github.com/clickhouse.com/data-plane-application/flowd/pkg/grpc/mock/mock_flow_handler.go:214.71,218.2 3 0
github.com/clickhouse.com/data-plane-application/flowd/pkg/grpc/mock/mock_flow_handler.go:221.69,223.2 1 0
github.com/clickhouse.com/data-plane-application/flowd/pkg/grpc/mock/mock_flow_handler.go:226.78,231.2 4 0
github.com/clickhouse.com/data-plane-application/flowd/pkg/grpc/mock/mock_flow_handler.go:234.72,237.2 2 0
github.com/clickhouse.com/data-plane-application/flowd/pkg/grpc/mock/mock_flow_handler.go:240.71,243.2 2 0
github.com/clickhouse.com/data-plane-application/flowd/pkg/grpc/mock/mock_flow_handler.go:246.97,249.2 2 0
github.com/clickhouse.com/data-plane-application/flowd/pkg/grpc/mock/mock_flow_handler.go:263.91,267.2 3 0
github.com/clickhouse.com/data-plane-application/flowd/pkg/grpc/mock/mock_flow_handler.go:270.89,272.2 1 0
github.com/clickhouse.com/data-plane-application/flowd/pkg/grpc/mock/mock_flow_handler.go:275.81,278.2 2 0
github.com/clickhouse.com/data-plane-application/flowd/pkg/grpc/mock/mock_flow_handler.go:281.107,284.2 2 0
github.com/clickhouse.com/data-plane-application/flowd/pkg/grpc/mock/mock_flow_handler.go:298.93,302.2 3 0
github.com/clickhouse.com/data-plane-application/flowd/pkg/grpc/mock/mock_flow_handler.go:305.91,307.2 1 0
github.com/clickhouse.com/data-plane-application/flowd/pkg/grpc/mock/mock_flow_handler.go:310.66,315.2 4 0
github.com/clickhouse.com/data-plane-application/flowd/pkg/grpc/mock/mock_flow_handler.go:318.76,321.2 2 0
github.com/clickhouse.com/data-plane-application/flowd/pkg/grpc/mock/mock_flow_handler.go:324.74,330.2 5 0
github.com/clickhouse.com/data-plane-application/flowd/pkg/grpc/mock/mock_flow_handler.go:333.73,336.2 2 0
github.com/clickhouse.com/data-plane-application/flowd/pkg/grpc/mock/mock_flow_handler.go:339.63,344.2 4 0
github.com/clickhouse.com/data-plane-application/flowd/pkg/grpc/mock/mock_flow_handler.go:347.81,350.2 2 0
github.com/clickhouse.com/data-plane-application/flowd/pkg/grpc/mock/mock_flow_handler.go:353.90,358.2 4 0
github.com/clickhouse.com/data-plane-application/flowd/pkg/grpc/mock/mock_flow_handler.go:361.89,364.2 2 0
github.com/clickhouse.com/data-plane-application/flowd/pkg/grpc/mock/mock_flow_handler.go:367.75,372.2 4 0
github.com/clickhouse.com/data-plane-application/flowd/pkg/grpc/mock/mock_flow_handler.go:375.87,378.2 2 0
github.com/clickhouse.com/data-plane-application/flowd/pkg/grpc/mock/mock_flow_handler.go:381.63,386.2 4 0
github.com/clickhouse.com/data-plane-application/flowd/pkg/grpc/mock/mock_flow_handler.go:389.81,392.2 2 0
github.com/clickhouse.com/data-plane-application/flowd/pkg/grpc/mock/mock_flow_handler.go:395.74,400.2 4 0
github.com/clickhouse.com/data-plane-application/flowd/pkg/grpc/mock/mock_flow_handler.go:403.86,406.2 2 0
github.com/clickhouse.com/data-plane-application/flowd/pkg/grpc/mock/mock_flow_handler.go:409.69,412.2 2 0
github.com/clickhouse.com/data-plane-application/flowd/pkg/grpc/mock/mock_flow_handler.go:415.87,418.2 2 0
github.com/clickhouse.com/data-plane-application/flowd/cmd/server/main.go:62.13,64.16 2 0
github.com/clickhouse.com/data-plane-application/flowd/cmd/server/main.go:64.16,66.3 1 0
github.com/clickhouse.com/data-plane-application/flowd/cmd/server/main.go:68.2,68.54 1 0
github.com/clickhouse.com/data-plane-application/flowd/cmd/server/main.go:68.54,70.3 1 0
github.com/clickhouse.com/data-plane-application/flowd/cmd/server/main.go:72.2,72.41 1 0
github.com/clickhouse.com/data-plane-application/flowd/cmd/server/main.go:72.41,75.3 2 0
github.com/clickhouse.com/data-plane-application/flowd/cmd/server/main.go:78.13,84.9 5 0
github.com/clickhouse.com/data-plane-application/flowd/cmd/server/main.go:84.9,86.3 1 0
github.com/clickhouse.com/data-plane-application/flowd/cmd/server/main.go:88.2,89.9 2 0
github.com/clickhouse.com/data-plane-application/flowd/cmd/server/main.go:89.9,91.3 1 0
github.com/clickhouse.com/data-plane-application/flowd/cmd/server/main.go:93.2,94.9 2 0
github.com/clickhouse.com/data-plane-application/flowd/cmd/server/main.go:94.9,96.3 1 0
github.com/clickhouse.com/data-plane-application/flowd/cmd/server/main.go:97.2,100.16 4 0
github.com/clickhouse.com/data-plane-application/flowd/cmd/server/main.go:100.16,102.3 1 0
github.com/clickhouse.com/data-plane-application/flowd/cmd/server/main.go:104.2,105.9 2 0
github.com/clickhouse.com/data-plane-application/flowd/cmd/server/main.go:105.9,107.3 1 0
github.com/clickhouse.com/data-plane-application/flowd/cmd/server/main.go:108.2,111.9 3 0
github.com/clickhouse.com/data-plane-application/flowd/cmd/server/main.go:111.9,113.3 1 0
github.com/clickhouse.com/data-plane-application/flowd/cmd/server/main.go:115.2,116.9 2 0
github.com/clickhouse.com/data-plane-application/flowd/cmd/server/main.go:116.9,118.3 1 0
github.com/clickhouse.com/data-plane-application/flowd/cmd/server/main.go:120.2,121.9 2 0
github.com/clickhouse.com/data-plane-application/flowd/cmd/server/main.go:121.9,123.3 1 0
github.com/clickhouse.com/data-plane-application/flowd/cmd/server/main.go:124.2,125.16 2 0
github.com/clickhouse.com/data-plane-application/flowd/cmd/server/main.go:125.16,127.3 1 0
github.com/clickhouse.com/data-plane-application/flowd/cmd/server/main.go:129.2,130.9 2 0
github.com/clickhouse.com/data-plane-application/flowd/cmd/server/main.go:130.9,132.3 1 0
github.com/clickhouse.com/data-plane-application/flowd/cmd/server/main.go:133.2,134.16 2 0
github.com/clickhouse.com/data-plane-application/flowd/cmd/server/main.go:134.16,136.3 1 0
github.com/clickhouse.com/data-plane-application/flowd/cmd/server/main.go:138.2,139.9 2 0
github.com/clickhouse.com/data-plane-application/flowd/cmd/server/main.go:139.9,141.3 1 0
github.com/clickhouse.com/data-plane-application/flowd/cmd/server/main.go:142.2,144.16 3 0
github.com/clickhouse.com/data-plane-application/flowd/cmd/server/main.go:144.16,146.3 1 0
github.com/clickhouse.com/data-plane-application/flowd/cmd/server/main.go:148.2,149.16 2 0
github.com/clickhouse.com/data-plane-application/flowd/cmd/server/main.go:149.16,151.3 1 0
github.com/clickhouse.com/data-plane-application/flowd/cmd/server/main.go:153.2,154.16 2 0
github.com/clickhouse.com/data-plane-application/flowd/cmd/server/main.go:154.16,156.3 1 0
github.com/clickhouse.com/data-plane-application/flowd/cmd/server/main.go:158.2,159.16 2 0
github.com/clickhouse.com/data-plane-application/flowd/cmd/server/main.go:159.16,161.3 1 0
github.com/clickhouse.com/data-plane-application/flowd/cmd/server/main.go:163.2,164.16 2 0
github.com/clickhouse.com/data-plane-application/flowd/cmd/server/main.go:164.16,166.3 1 0
github.com/clickhouse.com/data-plane-application/flowd/cmd/server/main.go:172.2,174.16 3 0
github.com/clickhouse.com/data-plane-application/flowd/cmd/server/main.go:174.16,176.3 1 0
github.com/clickhouse.com/data-plane-application/flowd/cmd/server/main.go:177.2,178.26 2 0
github.com/clickhouse.com/data-plane-application/flowd/cmd/server/main.go:178.26,180.17 2 0
github.com/clickhouse.com/data-plane-application/flowd/cmd/server/main.go:180.17,182.4 1 0
github.com/clickhouse.com/data-plane-application/flowd/cmd/server/main.go:185.2,222.16 6 0
github.com/clickhouse.com/data-plane-application/flowd/cmd/server/main.go:222.16,224.3 1 0
github.com/clickhouse.com/data-plane-application/flowd/cmd/server/main.go:226.2,227.12 2 0
github.com/clickhouse.com/data-plane-application/flowd/cmd/server/main.go:227.12,238.3 5 0
github.com/clickhouse.com/data-plane-application/flowd/cmd/server/main.go:240.2,241.72 2 0
github.com/clickhouse.com/data-plane-application/flowd/cmd/server/main.go:241.72,243.3 1 0
github.com/clickhouse.com/data-plane-application/flowd/cmd/server/main.go:244.2,244.73 1 0
github.com/clickhouse.com/data-plane-application/flowd/cmd/server/main.go:244.73,246.3 1 0
github.com/clickhouse.com/data-plane-application/flowd/cmd/server/main.go:248.2,249.83 2 0
github.com/clickhouse.com/data-plane-application/flowd/cmd/server/server.go:53.117,58.2 1 0
github.com/clickhouse.com/data-plane-application/flowd/cmd/server/server.go:61.83,64.6 2 0
github.com/clickhouse.com/data-plane-application/flowd/cmd/server/server.go:64.6,66.20 2 0
github.com/clickhouse.com/data-plane-application/flowd/cmd/server/server.go:66.20,70.4 1 0
github.com/clickhouse.com/data-plane-application/flowd/cmd/server/server.go:70.9,70.24 1 0
github.com/clickhouse.com/data-plane-application/flowd/cmd/server/server.go:70.24,74.4 3 0
github.com/clickhouse.com/data-plane-application/flowd/cmd/server/server.go:76.3,78.17 3 0
github.com/clickhouse.com/data-plane-application/flowd/cmd/server/server.go:78.17,85.14 2 0
github.com/clickhouse.com/data-plane-application/flowd/cmd/server/server.go:85.14,90.20 2 0
github.com/clickhouse.com/data-plane-application/flowd/cmd/server/server.go:90.20,95.6 4 0
github.com/clickhouse.com/data-plane-application/flowd/cmd/server/server.go:95.11,98.6 2 0
github.com/clickhouse.com/data-plane-application/flowd/cmd/server/server.go:100.9,100.133 1 0
github.com/clickhouse.com/data-plane-application/flowd/cmd/server/server.go:100.133,103.12 2 0
github.com/clickhouse.com/data-plane-application/flowd/cmd/server/server.go:104.9,104.50 1 0
github.com/clickhouse.com/data-plane-application/flowd/cmd/server/server.go:104.50,108.4 2 0
github.com/clickhouse.com/data-plane-application/flowd/cmd/server/server.go:108.9,112.4 2 0
github.com/clickhouse.com/data-plane-application/flowd/internal/version/version.go:16.13,19.2 2 0
github.com/clickhouse.com/data-plane-application/flowd/pkg/grpc/flow_handler.pb.go:34.38,36.29 2 0
github.com/clickhouse.com/data-plane-application/flowd/pkg/grpc/flow_handler.pb.go:36.29,40.3 3 0
github.com/clickhouse.com/data-plane-application/flowd/pkg/grpc/flow_handler.pb.go:43.46,45.2 1 0
github.com/clickhouse.com/data-plane-application/flowd/pkg/grpc/flow_handler.pb.go:47.44,47.45 0 0
github.com/clickhouse.com/data-plane-application/flowd/pkg/grpc/flow_handler.pb.go:49.66,51.41 2 0
github.com/clickhouse.com/data-plane-application/flowd/pkg/grpc/flow_handler.pb.go:51.41,53.34 2 0
github.com/clickhouse.com/data-plane-application/flowd/pkg/grpc/flow_handler.pb.go:53.34,55.4 1 0
github.com/clickhouse.com/data-plane-application/flowd/pkg/grpc/flow_handler.pb.go:56.3,56.12 1 0
github.com/clickhouse.com/data-plane-application/flowd/pkg/grpc/flow_handler.pb.go:58.2,58.24 1 0
github.com/clickhouse.com/data-plane-application/flowd/pkg/grpc/flow_handler.pb.go:62.57,64.2 1 0
github.com/clickhouse.com/data-plane-application/flowd/pkg/grpc/flow_handler.pb.go:66.59,67.14 1 0
github.com/clickhouse.com/data-plane-application/flowd/pkg/grpc/flow_handler.pb.go:67.14,69.3 1 0
github.com/clickhouse.com/data-plane-application/flowd/pkg/grpc/flow_handler.pb.go:70.2,70.10 1 0
github.com/clickhouse.com/data-plane-application/flowd/pkg/grpc/flow_handler.pb.go:88.31,90.29 2 0
github.com/clickhouse.com/data-plane-application/flowd/pkg/grpc/flow_handler.pb.go:90.29,94.3 3 0
github.com/clickhouse.com/data-plane-application/flowd/pkg/grpc/flow_handler.pb.go:97.39,99.2 1 0
github.com/clickhouse.com/data-plane-application/flowd/pkg/grpc/flow_handler.pb.go:101.37,101.38 0 0
github.com/clickhouse.com/data-plane-application/flowd/pkg/grpc/flow_handler.pb.go:103.59,105.41 2 0
github.com/clickhouse.com/data-plane-application/flowd/pkg/grpc/flow_handler.pb.go:105.41,107.34 2 0
github.com/clickhouse.com/data-plane-application/flowd/pkg/grpc/flow_handler.pb.go:107.34,109.4 1 0
github.com/clickhouse.com/data-plane-application/flowd/pkg/grpc/flow_handler.pb.go:110.3,110.12 1 0
github.com/clickhouse.com/data-plane-application/flowd/pkg/grpc/flow_handler.pb.go:112.2,112.24 1 0
github.com/clickhouse.com/data-plane-application/flowd/pkg/grpc/flow_handler.pb.go:116.50,118.2 1 0
github.com/clickhouse.com/data-plane-application/flowd/pkg/grpc/flow_handler.pb.go:120.51,121.14 1 0
github.com/clickhouse.com/data-plane-application/flowd/pkg/grpc/flow_handler.pb.go:121.14,123.3 1 0
github.com/clickhouse.com/data-plane-application/flowd/pkg/grpc/flow_handler.pb.go:124.2,124.12 1 0
github.com/clickhouse.com/data-plane-application/flowd/pkg/grpc/flow_handler.pb.go:127.44,128.14 1 0
github.com/clickhouse.com/data-plane-application/flowd/pkg/grpc/flow_handler.pb.go:128.14,130.3 1 0
github.com/clickhouse.com/data-plane-application/flowd/pkg/grpc/flow_handler.pb.go:131.2,131.11 1 0
github.com/clickhouse.com/data-plane-application/flowd/pkg/grpc/flow_handler.pb.go:134.45,135.14 1 0
github.com/clickhouse.com/data-plane-application/flowd/pkg/grpc/flow_handler.pb.go:135.14,137.3 1 0
github.com/clickhouse.com/data-plane-application/flowd/pkg/grpc/flow_handler.pb.go:138.2,138.10 1 0
github.com/clickhouse.com/data-plane-application/flowd/pkg/grpc/flow_handler.pb.go:156.36,158.29 2 0
github.com/clickhouse.com/data-plane-application/flowd/pkg/grpc/flow_handler.pb.go:158.29,162.3 3 0
github.com/clickhouse.com/data-plane-application/flowd/pkg/grpc/flow_handler.pb.go:165.44,167.2 1 0
github.com/clickhouse.com/data-plane-application/flowd/pkg/grpc/flow_handler.pb.go:169.42,169.43 0 0
github.com/clickhouse.com/data-plane-application/flowd/pkg/grpc/flow_handler.pb.go:171.64,173.41 2 0
github.com/clickhouse.com/data-plane-application/flowd/pkg/grpc/flow_handler.pb.go:173.41,175.34 2 0
github.com/clickhouse.com/data-plane-application/flowd/pkg/grpc/flow_handler.pb.go:175.34,177.4 1 0
github.com/clickhouse.com/data-plane-application/flowd/pkg/grpc/flow_handler.pb.go:178.3,178.12 1 0
github.com/clickhouse.com/data-plane-application/flowd/pkg/grpc/flow_handler.pb.go:180.2,180.24 1 0
github.com/clickhouse.com/data-plane-application/flowd/pkg/grpc/flow_handler.pb.go:184.55,186.2 1 0
github.com/clickhouse.com/data-plane-application/flowd/pkg/grpc/flow_handler.pb.go:188.46,189.14 1 0
github.com/clickhouse.com/data-plane-application/flowd/pkg/grpc/flow_handler.pb.go:189.14,191.3 1 0
github.com/clickhouse.com/data-plane-application/flowd/pkg/grpc/flow_handler.pb.go:192.2,192.10 1 0
github.com/clickhouse.com/data-plane-application/flowd/pkg/grpc/flow_handler.pb.go:195.70,196.14 1 0
github.com/clickhouse.com/data-plane-application/flowd/pkg/grpc/flow_handler.pb.go:196.14,198.3 1 0
github.com/clickhouse.com/data-plane-application/flowd/pkg/grpc/flow_handler.pb.go:199.2,199.12 1 0
github.com/clickhouse.com/data-plane-application/flowd/pkg/grpc/flow_handler.pb.go:202.67,203.14 1 0
github.com/clickhouse.com/data-plane-application/flowd/pkg/grpc/flow_handler.pb.go:203.14,205.3 1 0
github.com/clickhouse.com/data-plane-application/flowd/pkg/grpc/flow_handler.pb.go:206.2,206.12 1 0
github.com/clickhouse.com/data-plane-application/flowd/pkg/grpc/flow_handler.pb.go:225.46,227.29 2 0
github.com/clickhouse.com/data-plane-application/flowd/pkg/grpc/flow_handler.pb.go:227.29,231.3 3 0
github.com/clickhouse.com/data-plane-application/flowd/pkg/grpc/flow_handler.pb.go:234.54,236.2 1 0
github.com/clickhouse.com/data-plane-application/flowd/pkg/grpc/flow_handler.pb.go:238.52,238.53 0 0
github.com/clickhouse.com/data-plane-application/flowd/pkg/grpc/flow_handler.pb.go:240.74,242.41 2 0
github.com/clickhouse.com/data-plane-application/flowd/pkg/grpc/flow_handler.pb.go:242.41,244.34 2 0
github.com/clickhouse.com/data-plane-application/flowd/pkg/grpc/flow_handler.pb.go:244.34,246.4 1 0
github.com/clickhouse.com/data-plane-application/flowd/pkg/grpc/flow_handler.pb.go:247.3,247.12 1 0
github.com/clickhouse.com/data-plane-application/flowd/pkg/grpc/flow_handler.pb.go:249.2,249.24 1 0
github.com/clickhouse.com/data-plane-application/flowd/pkg/grpc/flow_handler.pb.go:253.65,255.2 1 0
github.com/clickhouse.com/data-plane-application/flowd/pkg/grpc/flow_handler.pb.go:257.89,258.14 1 0
github.com/clickhouse.com/data-plane-application/flowd/pkg/grpc/flow_handler.pb.go:258.14,260.3 1 0
github.com/clickhouse.com/data-plane-application/flowd/pkg/grpc/flow_handler.pb.go:261.2,261.12 1 0
github.com/clickhouse.com/data-plane-application/flowd/pkg/grpc/flow_handler.pb.go:264.94,265.14 1 0
github.com/clickhouse.com/data-plane-application/flowd/pkg/grpc/flow_handler.pb.go:265.14,267.3 1 0
github.com/clickhouse.com/data-plane-application/flowd/pkg/grpc/flow_handler.pb.go:268.2,268.12 1 0
github.com/clickhouse.com/data-plane-application/flowd/pkg/grpc/flow_handler.pb.go:271.58,272.14 1 0
github.com/clickhouse.com/data-plane-application/flowd/pkg/grpc/flow_handler.pb.go:272.14,274.3 1 0
github.com/clickhouse.com/data-plane-application/flowd/pkg/grpc/flow_handler.pb.go:275.2,275.10 1 0
github.com/clickhouse.com/data-plane-application/flowd/pkg/grpc/flow_handler.pb.go:278.56,279.14 1 0
github.com/clickhouse.com/data-plane-application/flowd/pkg/grpc/flow_handler.pb.go:279.14,281.3 1 0
github.com/clickhouse.com/data-plane-application/flowd/pkg/grpc/flow_handler.pb.go:282.2,282.10 1 0
github.com/clickhouse.com/data-plane-application/flowd/pkg/grpc/flow_handler.pb.go:302.57,304.29 2 0
github.com/clickhouse.com/data-plane-application/flowd/pkg/grpc/flow_handler.pb.go:304.29,308.3 3 0
github.com/clickhouse.com/data-plane-application/flowd/pkg/grpc/flow_handler.pb.go:311.65,313.2 1 0
github.com/clickhouse.com/data-plane-application/flowd/pkg/grpc/flow_handler.pb.go:315.63,315.64 0 0
github.com/clickhouse.com/data-plane-application/flowd/pkg/grpc/flow_handler.pb.go:317.85,319.41 2 0
github.com/clickhouse.com/data-plane-application/flowd/pkg/grpc/flow_handler.pb.go:319.41,321.34 2 0
github.com/clickhouse.com/data-plane-application/flowd/pkg/grpc/flow_handler.pb.go:321.34,323.4 1 0
github.com/clickhouse.com/data-plane-application/flowd/pkg/grpc/flow_handler.pb.go:324.3,324.12 1 0
github.com/clickhouse.com/data-plane-application/flowd/pkg/grpc/flow_handler.pb.go:326.2,326.24 1 0
github.com/clickhouse.com/data-plane-application/flowd/pkg/grpc/flow_handler.pb.go:330.76,332.2 1 0
github.com/clickhouse.com/data-plane-application/flowd/pkg/grpc/flow_handler.pb.go:334.108,335.14 1 0
github.com/clickhouse.com/data-plane-application/flowd/pkg/grpc/flow_handler.pb.go:335.14,337.3 1 0
github.com/clickhouse.com/data-plane-application/flowd/pkg/grpc/flow_handler.pb.go:338.2,338.12 1 0
github.com/clickhouse.com/data-plane-application/flowd/pkg/grpc/flow_handler.pb.go:341.64,342.76 1 0
github.com/clickhouse.com/data-plane-application/flowd/pkg/grpc/flow_handler.pb.go:342.76,344.3 1 0
github.com/clickhouse.com/data-plane-application/flowd/pkg/grpc/flow_handler.pb.go:345.2,345.10 1 0
github.com/clickhouse.com/data-plane-application/flowd/pkg/grpc/flow_handler.pb.go:348.64,349.76 1 0
github.com/clickhouse.com/data-plane-application/flowd/pkg/grpc/flow_handler.pb.go:349.76,351.3 1 0
github.com/clickhouse.com/data-plane-application/flowd/pkg/grpc/flow_handler.pb.go:352.2,352.12 1 0
github.com/clickhouse.com/data-plane-application/flowd/pkg/grpc/flow_handler.pb.go:355.66,356.14 1 0
github.com/clickhouse.com/data-plane-application/flowd/pkg/grpc/flow_handler.pb.go:356.14,358.3 1 0
github.com/clickhouse.com/data-plane-application/flowd/pkg/grpc/flow_handler.pb.go:359.2,359.10 1 0
github.com/clickhouse.com/data-plane-application/flowd/pkg/grpc/flow_handler.pb.go:376.100,376.101 0 0
github.com/clickhouse.com/data-plane-application/flowd/pkg/grpc/flow_handler.pb.go:378.100,378.101 0 0
github.com/clickhouse.com/data-plane-application/flowd/pkg/grpc/flow_handler.pb.go:441.56,442.53 1 0
github.com/clickhouse.com/data-plane-application/flowd/pkg/grpc/flow_handler.pb.go:442.53,444.3 1 0
github.com/clickhouse.com/data-plane-application/flowd/pkg/grpc/flow_handler.pb.go:445.2,445.49 1 0
github.com/clickhouse.com/data-plane-application/flowd/pkg/grpc/flow_handler.pb.go:471.13,471.52 1 0
github.com/clickhouse.com/data-plane-application/flowd/pkg/grpc/flow_handler.pb.go:472.42,473.41 1 0
github.com/clickhouse.com/data-plane-application/flowd/pkg/grpc/flow_handler.pb.go:473.41,475.3 1 0
github.com/clickhouse.com/data-plane-application/flowd/pkg/grpc/flow_handler.pb.go:476.2,476.30 1 0
github.com/clickhouse.com/data-plane-application/flowd/pkg/grpc/flow_handler.pb.go:476.30,477.94 1 0
github.com/clickhouse.com/data-plane-application/flowd/pkg/grpc/flow_handler.pb.go:477.94,478.43 1 0
github.com/clickhouse.com/data-plane-application/flowd/pkg/grpc/flow_handler.pb.go:479.11,480.20 1 0
github.com/clickhouse.com/data-plane-application/flowd/pkg/grpc/flow_handler.pb.go:481.11,482.24 1 0
github.com/clickhouse.com/data-plane-application/flowd/pkg/grpc/flow_handler.pb.go:483.11,484.28 1 0
github.com/clickhouse.com/data-plane-application/flowd/pkg/grpc/flow_handler.pb.go:485.12,486.15 1 0
github.com/clickhouse.com/data-plane-application/flowd/pkg/grpc/flow_handler.pb.go:489.3,489.94 1 0
github.com/clickhouse.com/data-plane-application/flowd/pkg/grpc/flow_handler.pb.go:489.94,490.36 1 0
github.com/clickhouse.com/data-plane-application/flowd/pkg/grpc/flow_handler.pb.go:491.11,492.20 1 0
github.com/clickhouse.com/data-plane-application/flowd/pkg/grpc/flow_handler.pb.go:493.11,494.24 1 0
github.com/clickhouse.com/data-plane-application/flowd/pkg/grpc/flow_handler.pb.go:495.11,496.28 1 0
github.com/clickhouse.com/data-plane-application/flowd/pkg/grpc/flow_handler.pb.go:497.12,498.15 1 0
github.com/clickhouse.com/data-plane-application/flowd/pkg/grpc/flow_handler.pb.go:501.3,501.94 1 0
github.com/clickhouse.com/data-plane-application/flowd/pkg/grpc/flow_handler.pb.go:501.94,502.41 1 0
github.com/clickhouse.com/data-plane-application/flowd/pkg/grpc/flow_handler.pb.go:503.11,504.20 1 0
github.com/clickhouse.com/data-plane-application/flowd/pkg/grpc/flow_handler.pb.go:505.11,506.24 1 0
github.com/clickhouse.com/data-plane-application/flowd/pkg/grpc/flow_handler.pb.go:507.11,508.28 1 0
github.com/clickhouse.com/data-plane-application/flowd/pkg/grpc/flow_handler.pb.go:509.12,510.15 1 0
github.com/clickhouse.com/data-plane-application/flowd/pkg/grpc/flow_handler.pb.go:513.3,513.94 1 0
github.com/clickhouse.com/data-plane-application/flowd/pkg/grpc/flow_handler.pb.go:513.94,514.51 1 0
github.com/clickhouse.com/data-plane-application/flowd/pkg/grpc/flow_handler.pb.go:515.11,516.20 1 0
github.com/clickhouse.com/data-plane-application/flowd/pkg/grpc/flow_handler.pb.go:517.11,518.24 1 0
github.com/clickhouse.com/data-plane-application/flowd/pkg/grpc/flow_handler.pb.go:519.11,520.28 1 0
github.com/clickhouse.com/data-plane-application/flowd/pkg/grpc/flow_handler.pb.go:521.12,522.15 1 0
github.com/clickhouse.com/data-plane-application/flowd/pkg/grpc/flow_handler.pb.go:525.3,525.94 1 0
github.com/clickhouse.com/data-plane-application/flowd/pkg/grpc/flow_handler.pb.go:525.94,526.62 1 0
github.com/clickhouse.com/data-plane-application/flowd/pkg/grpc/flow_handler.pb.go:527.11,528.20 1 0
github.com/clickhouse.com/data-plane-application/flowd/pkg/grpc/flow_handler.pb.go:529.11,530.24 1 0
github.com/clickhouse.com/data-plane-application/flowd/pkg/grpc/flow_handler.pb.go:531.11,532.28 1 0
github.com/clickhouse.com/data-plane-application/flowd/pkg/grpc/flow_handler.pb.go:533.12,534.15 1 0
github.com/clickhouse.com/data-plane-application/flowd/pkg/grpc/flow_handler.pb.go:538.2,559.44 7 0
github.com/clickhouse.com/data-plane-application/flowd/pkg/grpc/flow_handler_grpc.pb.go:39.74,41.2 1 0
github.com/clickhouse.com/data-plane-application/flowd/pkg/grpc/flow_handler_grpc.pb.go:43.116,45.16 2 0
github.com/clickhouse.com/data-plane-application/flowd/pkg/grpc/flow_handler_grpc.pb.go:45.16,47.3 1 0
github.com/clickhouse.com/data-plane-application/flowd/pkg/grpc/flow_handler_grpc.pb.go:48.2,49.15 2 0
github.com/clickhouse.com/data-plane-application/flowd/pkg/grpc/flow_handler_grpc.pb.go:62.62,64.2 1 0
github.com/clickhouse.com/data-plane-application/flowd/pkg/grpc/flow_handler_grpc.pb.go:66.79,67.51 1 0
github.com/clickhouse.com/data-plane-application/flowd/pkg/grpc/flow_handler_grpc.pb.go:67.51,69.3 1 0
github.com/clickhouse.com/data-plane-application/flowd/pkg/grpc/flow_handler_grpc.pb.go:70.2,71.50 2 0
github.com/clickhouse.com/data-plane-application/flowd/pkg/grpc/flow_handler_grpc.pb.go:71.50,73.3 1 0
github.com/clickhouse.com/data-plane-application/flowd/pkg/grpc/flow_handler_grpc.pb.go:74.2,74.15 1 0
github.com/clickhouse.com/data-plane-application/flowd/pkg/grpc/flow_handler_grpc.pb.go:92.78,94.2 1 0
github.com/clickhouse.com/data-plane-application/flowd/pkg/grpc/flow_handler_grpc.pb.go:95.82,95.83 0 0
github.com/clickhouse.com/data-plane-application/flowd/pkg/grpc/flow_handler_grpc.pb.go:104.80,106.2 1 0
github.com/clickhouse.com/data-plane-application/flowd/pkg/grpc/flow_handler_grpc.pb.go:108.83,110.2 1 0
github.com/clickhouse.com/data-plane-application/flowd/pkg/grpc/flow_handler_grpc.pb.go:122.77,124.2 1 0
github.com/clickhouse.com/data-plane-application/flowd/pkg/grpc/flow_handler_grpc.pb.go:126.64,128.50 2 0
github.com/clickhouse.com/data-plane-application/flowd/pkg/grpc/flow_handler_grpc.pb.go:128.50,130.3 1 0
github.com/clickhouse.com/data-plane-application/flowd/pkg/grpc/flow_handler_grpc.pb.go:131.2,131.15 1 0
github.com/clickhouse.com/data-plane-application/flowd/pkg/watcher/mock/mock_watcher.go:31.51,35.2 3 0
github.com/clickhouse.com/data-plane-application/flowd/pkg/watcher/mock/mock_watcher.go:38.49,40.2 1 0
github.com/clickhouse.com/data-plane-application/flowd/pkg/watcher/mock/mock_watcher.go:43.68,49.2 5 0
github.com/clickhouse.com/data-plane-application/flowd/pkg/watcher/mock/mock_watcher.go:52.73,55.2 2 0
github.com/clickhouse.com/data-plane-application/flowd/pkg/watcher/mock/mock_watcher.go:58.64,64.2 5 0
github.com/clickhouse.com/data-plane-application/flowd/pkg/watcher/mock/mock_watcher.go:67.69,70.2 2 0
github.com/clickhouse.com/data-plane-application/flowd/pkg/watcher/mock/mock_watcher.go:73.61,79.2 5 0
github.com/clickhouse.com/data-plane-application/flowd/pkg/watcher/mock/mock_watcher.go:82.65,85.2 2 0
github.com/clickhouse.com/data-plane-application/flowd/pkg/watcher/mock/mock_watcher.go:88.73,94.2 5 0
github.com/clickhouse.com/data-plane-application/flowd/pkg/watcher/mock/mock_watcher.go:97.75,100.2 2 0
github.com/clickhouse.com/data-plane-application/flowd/pkg/grpc/flow_handler.pb.go:34.38,36.29 2 0
github.com/clickhouse.com/data-plane-application/flowd/pkg/grpc/flow_handler.pb.go:36.29,40.3 3 0
github.com/clickhouse.com/data-plane-application/flowd/pkg/grpc/flow_handler.pb.go:43.46,45.2 1 0
github.com/clickhouse.com/data-plane-application/flowd/pkg/grpc/flow_handler.pb.go:47.44,47.45 0 0
github.com/clickhouse.com/data-plane-application/flowd/pkg/grpc/flow_handler.pb.go:49.66,51.41 2 0
github.com/clickhouse.com/data-plane-application/flowd/pkg/grpc/flow_handler.pb.go:51.41,53.34 2 0
github.com/clickhouse.com/data-plane-application/flowd/pkg/grpc/flow_handler.pb.go:53.34,55.4 1 0
github.com/clickhouse.com/data-plane-application/flowd/pkg/grpc/flow_handler.pb.go:56.3,56.12 1 0
github.com/clickhouse.com/data-plane-application/flowd/pkg/grpc/flow_handler.pb.go:58.2,58.24 1 0
github.com/clickhouse.com/data-plane-application/flowd/pkg/grpc/flow_handler.pb.go:62.57,64.2 1 0
github.com/clickhouse.com/data-plane-application/flowd/pkg/grpc/flow_handler.pb.go:66.59,67.14 1 0
github.com/clickhouse.com/data-plane-application/flowd/pkg/grpc/flow_handler.pb.go:67.14,69.3 1 0
github.com/clickhouse.com/data-plane-application/flowd/pkg/grpc/flow_handler.pb.go:70.2,70.10 1 0
github.com/clickhouse.com/data-plane-application/flowd/pkg/grpc/flow_handler.pb.go:88.31,90.29 2 0
github.com/clickhouse.com/data-plane-application/flowd/pkg/grpc/flow_handler.pb.go:90.29,94.3 3 0
github.com/clickhouse.com/data-plane-application/flowd/pkg/grpc/flow_handler.pb.go:97.39,99.2 1 0
github.com/clickhouse.com/data-plane-application/flowd/pkg/grpc/flow_handler.pb.go:101.37,101.38 0 0
github.com/clickhouse.com/data-plane-application/flowd/pkg/grpc/flow_handler.pb.go:103.59,105.41 2 0
github.com/clickhouse.com/data-plane-application/flowd/pkg/grpc/flow_handler.pb.go:105.41,107.34 2 0
github.com/clickhouse.com/data-plane-application/flowd/pkg/grpc/flow_handler.pb.go:107.34,109.4 1 0
github.com/clickhouse.com/data-plane-application/flowd/pkg/grpc/flow_handler.pb.go:110.3,110.12 1 0
github.com/clickhouse.com/data-plane-application/flowd/pkg/grpc/flow_handler.pb.go:112.2,112.24 1 0
github.com/clickhouse.com/data-plane-application/flowd/pkg/grpc/flow_handler.pb.go:116.50,118.2 1 0
github.com/clickhouse.com/data-plane-application/flowd/pkg/grpc/flow_handler.pb.go:120.51,121.14 1 0
github.com/clickhouse.com/data-plane-application/flowd/pkg/grpc/flow_handler.pb.go:121.14,123.3 1 0
github.com/clickhouse.com/data-plane-application/flowd/pkg/grpc/flow_handler.pb.go:124.2,124.12 1 0
github.com/clickhouse.com/data-plane-application/flowd/pkg/grpc/flow_handler.pb.go:127.44,128.14 1 0
github.com/clickhouse.com/data-plane-application/flowd/pkg/grpc/flow_handler.pb.go:128.14,130.3 1 0
github.com/clickhouse.com/data-plane-application/flowd/pkg/grpc/flow_handler.pb.go:131.2,131.11 1 0
github.com/clickhouse.com/data-plane-application/flowd/pkg/grpc/flow_handler.pb.go:134.45,135.14 1 0
github.com/clickhouse.com/data-plane-application/flowd/pkg/grpc/flow_handler.pb.go:135.14,137.3 1 0
github.com/clickhouse.com/data-plane-application/flowd/pkg/grpc/flow_handler.pb.go:138.2,138.10 1 0
github.com/clickhouse.com/data-plane-application/flowd/pkg/grpc/flow_handler.pb.go:156.36,158.29 2 0
github.com/clickhouse.com/data-plane-application/flowd/pkg/grpc/flow_handler.pb.go:158.29,162.3 3 0
github.com/clickhouse.com/data-plane-application/flowd/pkg/grpc/flow_handler.pb.go:165.44,167.2 1 0
github.com/clickhouse.com/data-plane-application/flowd/pkg/grpc/flow_handler.pb.go:169.42,169.43 0 0
github.com/clickhouse.com/data-plane-application/flowd/pkg/grpc/flow_handler.pb.go:171.64,173.41 2 0
github.com/clickhouse.com/data-plane-application/flowd/pkg/grpc/flow_handler.pb.go:173.41,175.34 2 0
github.com/clickhouse.com/data-plane-application/flowd/pkg/grpc/flow_handler.pb.go:175.34,177.4 1 0
github.com/clickhouse.com/data-plane-application/flowd/pkg/grpc/flow_handler.pb.go:178.3,178.12 1 0
github.com/clickhouse.com/data-plane-application/flowd/pkg/grpc/flow_handler.pb.go:180.2,180.24 1 0
github.com/clickhouse.com/data-plane-application/flowd/pkg/grpc/flow_handler.pb.go:184.55,186.2 1 0
github.com/clickhouse.com/data-plane-application/flowd/pkg/grpc/flow_handler.pb.go:188.46,189.14 1 0
github.com/clickhouse.com/data-plane-application/flowd/pkg/grpc/flow_handler.pb.go:189.14,191.3 1 0
github.com/clickhouse.com/data-plane-application/flowd/pkg/grpc/flow_handler.pb.go:192.2,192.10 1 0
github.com/clickhouse.com/data-plane-application/flowd/pkg/grpc/flow_handler.pb.go:195.70,196.14 1 0
github.com/clickhouse.com/data-plane-application/flowd/pkg/grpc/flow_handler.pb.go:196.14,198.3 1 0
github.com/clickhouse.com/data-plane-application/flowd/pkg/grpc/flow_handler.pb.go:199.2,199.12 1 0
github.com/clickhouse.com/data-plane-application/flowd/pkg/grpc/flow_handler.pb.go:202.67,203.14 1 0
github.com/clickhouse.com/data-plane-application/flowd/pkg/grpc/flow_handler.pb.go:203.14,205.3 1 0
github.com/clickhouse.com/data-plane-application/flowd/pkg/grpc/flow_handler.pb.go:206.2,206.12 1 0
github.com/clickhouse.com/data-plane-application/flowd/pkg/grpc/flow_handler.pb.go:225.46,227.29 2 0
github.com/clickhouse.com/data-plane-application/flowd/pkg/grpc/flow_handler.pb.go:227.29,231.3 3 0
github.com/clickhouse.com/data-plane-application/flowd/pkg/grpc/flow_handler.pb.go:234.54,236.2 1 0
github.com/clickhouse.com/data-plane-application/flowd/pkg/grpc/flow_handler.pb.go:238.52,238.53 0 0
github.com/clickhouse.com/data-plane-application/flowd/pkg/grpc/flow_handler.pb.go:240.74,242.41 2 0
github.com/clickhouse.com/data-plane-application/flowd/pkg/grpc/flow_handler.pb.go:242.41,244.34 2 0
github.com/clickhouse.com/data-plane-application/flowd/pkg/grpc/flow_handler.pb.go:244.34,246.4 1 0
github.com/clickhouse.com/data-plane-application/flowd/pkg/grpc/flow_handler.pb.go:247.3,247.12 1 0
github.com/clickhouse.com/data-plane-application/flowd/pkg/grpc/flow_handler.pb.go:249.2,249.24 1 0
github.com/clickhouse.com/data-plane-application/flowd/pkg/grpc/flow_handler.pb.go:253.65,255.2 1 0
github.com/clickhouse.com/data-plane-application/flowd/pkg/grpc/flow_handler.pb.go:257.89,258.14 1 0
github.com/clickhouse.com/data-plane-application/flowd/pkg/grpc/flow_handler.pb.go:258.14,260.3 1 0
github.com/clickhouse.com/data-plane-application/flowd/pkg/grpc/flow_handler.pb.go:261.2,261.12 1 0
github.com/clickhouse.com/data-plane-application/flowd/pkg/grpc/flow_handler.pb.go:264.94,265.14 1 0
github.com/clickhouse.com/data-plane-application/flowd/pkg/grpc/flow_handler.pb.go:265.14,267.3 1 0
github.com/clickhouse.com/data-plane-application/flowd/pkg/grpc/flow_handler.pb.go:268.2,268.12 1 0
github.com/clickhouse.com/data-plane-application/flowd/pkg/grpc/flow_handler.pb.go:271.58,272.14 1 0
github.com/clickhouse.com/data-plane-application/flowd/pkg/grpc/flow_handler.pb.go:272.14,274.3 1 0
github.com/clickhouse.com/data-plane-application/flowd/pkg/grpc/flow_handler.pb.go:275.2,275.10 1 0
github.com/clickhouse.com/data-plane-application/flowd/pkg/grpc/flow_handler.pb.go:278.56,279.14 1 0
github.com/clickhouse.com/data-plane-application/flowd/pkg/grpc/flow_handler.pb.go:279.14,281.3 1 0
github.com/clickhouse.com/data-plane-application/flowd/pkg/grpc/flow_handler.pb.go:282.2,282.10 1 0
github.com/clickhouse.com/data-plane-application/flowd/pkg/grpc/flow_handler.pb.go:302.57,304.29 2 0
github.com/clickhouse.com/data-plane-application/flowd/pkg/grpc/flow_handler.pb.go:304.29,308.3 3 0
github.com/clickhouse.com/data-plane-application/flowd/pkg/grpc/flow_handler.pb.go:311.65,313.2 1 0
github.com/clickhouse.com/data-plane-application/flowd/pkg/grpc/flow_handler.pb.go:315.63,315.64 0 0
github.com/clickhouse.com/data-plane-application/flowd/pkg/grpc/flow_handler.pb.go:317.85,319.41 2 0
github.com/clickhouse.com/data-plane-application/flowd/pkg/grpc/flow_handler.pb.go:319.41,321.34 2 0
github.com/clickhouse.com/data-plane-application/flowd/pkg/grpc/flow_handler.pb.go:321.34,323.4 1 0
github.com/clickhouse.com/data-plane-application/flowd/pkg/grpc/flow_handler.pb.go:324.3,324.12 1 0
github.com/clickhouse.com/data-plane-application/flowd/pkg/grpc/flow_handler.pb.go:326.2,326.24 1 0
github.com/clickhouse.com/data-plane-application/flowd/pkg/grpc/flow_handler.pb.go:330.76,332.2 1 0
github.com/clickhouse.com/data-plane-application/flowd/pkg/grpc/flow_handler.pb.go:334.108,335.14 1 0
github.com/clickhouse.com/data-plane-application/flowd/pkg/grpc/flow_handler.pb.go:335.14,337.3 1 0
github.com/clickhouse.com/data-plane-application/flowd/pkg/grpc/flow_handler.pb.go:338.2,338.12 1 0
github.com/clickhouse.com/data-plane-application/flowd/pkg/grpc/flow_handler.pb.go:341.64,342.76 1 0
github.com/clickhouse.com/data-plane-application/flowd/pkg/grpc/flow_handler.pb.go:342.76,344.3 1 0
github.com/clickhouse.com/data-plane-application/flowd/pkg/grpc/flow_handler.pb.go:345.2,345.10 1 0
github.com/clickhouse.com/data-plane-application/flowd/pkg/grpc/flow_handler.pb.go:348.64,349.76 1 0
github.com/clickhouse.com/data-plane-application/flowd/pkg/grpc/flow_handler.pb.go:349.76,351.3 1 0
github.com/clickhouse.com/data-plane-application/flowd/pkg/grpc/flow_handler.pb.go:352.2,352.12 1 0
github.com/clickhouse.com/data-plane-application/flowd/pkg/grpc/flow_handler.pb.go:355.66,356.14 1 0
github.com/clickhouse.com/data-plane-application/flowd/pkg/grpc/flow_handler.pb.go:356.14,358.3 1 0
github.com/clickhouse.com/data-plane-application/flowd/pkg/grpc/flow_handler.pb.go:359.2,359.10 1 0
github.com/clickhouse.com/data-plane-application/flowd/pkg/grpc/flow_handler.pb.go:376.100,376.101 0 0
github.com/clickhouse.com/data-plane-application/flowd/pkg/grpc/flow_handler.pb.go:378.100,378.101 0 0
github.com/clickhouse.com/data-plane-application/flowd/pkg/grpc/flow_handler.pb.go:441.56,442.53 1 0
github.com/clickhouse.com/data-plane-application/flowd/pkg/grpc/flow_handler.pb.go:442.53,444.3 1 0
github.com/clickhouse.com/data-plane-application/flowd/pkg/grpc/flow_handler.pb.go:445.2,445.49 1 0
github.com/clickhouse.com/data-plane-application/flowd/pkg/grpc/flow_handler.pb.go:471.13,471.52 1 1
github.com/clickhouse.com/data-plane-application/flowd/pkg/grpc/flow_handler.pb.go:472.42,473.41 1 1
github.com/clickhouse.com/data-plane-application/flowd/pkg/grpc/flow_handler.pb.go:473.41,475.3 1 0
github.com/clickhouse.com/data-plane-application/flowd/pkg/grpc/flow_handler.pb.go:476.2,476.30 1 1
github.com/clickhouse.com/data-plane-application/flowd/pkg/grpc/flow_handler.pb.go:476.30,477.94 1 0
github.com/clickhouse.com/data-plane-application/flowd/pkg/grpc/flow_handler.pb.go:477.94,478.43 1 0
github.com/clickhouse.com/data-plane-application/flowd/pkg/grpc/flow_handler.pb.go:479.11,480.20 1 0
github.com/clickhouse.com/data-plane-application/flowd/pkg/grpc/flow_handler.pb.go:481.11,482.24 1 0
github.com/clickhouse.com/data-plane-application/flowd/pkg/grpc/flow_handler.pb.go:483.11,484.28 1 0
github.com/clickhouse.com/data-plane-application/flowd/pkg/grpc/flow_handler.pb.go:485.12,486.15 1 0
github.com/clickhouse.com/data-plane-application/flowd/pkg/grpc/flow_handler.pb.go:489.3,489.94 1 0
github.com/clickhouse.com/data-plane-application/flowd/pkg/grpc/flow_handler.pb.go:489.94,490.36 1 0
github.com/clickhouse.com/data-plane-application/flowd/pkg/grpc/flow_handler.pb.go:491.11,492.20 1 0
github.com/clickhouse.com/data-plane-application/flowd/pkg/grpc/flow_handler.pb.go:493.11,494.24 1 0
github.com/clickhouse.com/data-plane-application/flowd/pkg/grpc/flow_handler.pb.go:495.11,496.28 1 0
github.com/clickhouse.com/data-plane-application/flowd/pkg/grpc/flow_handler.pb.go:497.12,498.15 1 0
github.com/clickhouse.com/data-plane-application/flowd/pkg/grpc/flow_handler.pb.go:501.3,501.94 1 0
github.com/clickhouse.com/data-plane-application/flowd/pkg/grpc/flow_handler.pb.go:501.94,502.41 1 0
github.com/clickhouse.com/data-plane-application/flowd/pkg/grpc/flow_handler.pb.go:503.11,504.20 1 0
github.com/clickhouse.com/data-plane-application/flowd/pkg/grpc/flow_handler.pb.go:505.11,506.24 1 0
github.com/clickhouse.com/data-plane-application/flowd/pkg/grpc/flow_handler.pb.go:507.11,508.28 1 0
github.com/clickhouse.com/data-plane-application/flowd/pkg/grpc/flow_handler.pb.go:509.12,510.15 1 0
github.com/clickhouse.com/data-plane-application/flowd/pkg/grpc/flow_handler.pb.go:513.3,513.94 1 0
github.com/clickhouse.com/data-plane-application/flowd/pkg/grpc/flow_handler.pb.go:513.94,514.51 1 0
github.com/clickhouse.com/data-plane-application/flowd/pkg/grpc/flow_handler.pb.go:515.11,516.20 1 0
github.com/clickhouse.com/data-plane-application/flowd/pkg/grpc/flow_handler.pb.go:517.11,518.24 1 0
github.com/clickhouse.com/data-plane-application/flowd/pkg/grpc/flow_handler.pb.go:519.11,520.28 1 0
github.com/clickhouse.com/data-plane-application/flowd/pkg/grpc/flow_handler.pb.go:521.12,522.15 1 0
github.com/clickhouse.com/data-plane-application/flowd/pkg/grpc/flow_handler.pb.go:525.3,525.94 1 0
github.com/clickhouse.com/data-plane-application/flowd/pkg/grpc/flow_handler.pb.go:525.94,526.62 1 0
github.com/clickhouse.com/data-plane-application/flowd/pkg/grpc/flow_handler.pb.go:527.11,528.20 1 0
github.com/clickhouse.com/data-plane-application/flowd/pkg/grpc/flow_handler.pb.go:529.11,530.24 1 0
github.com/clickhouse.com/data-plane-application/flowd/pkg/grpc/flow_handler.pb.go:531.11,532.28 1 0
github.com/clickhouse.com/data-plane-application/flowd/pkg/grpc/flow_handler.pb.go:533.12,534.15 1 0
github.com/clickhouse.com/data-plane-application/flowd/pkg/grpc/flow_handler.pb.go:538.2,559.44 7 1
github.com/clickhouse.com/data-plane-application/flowd/pkg/grpc/flow_handler_grpc.pb.go:39.74,41.2 1 0
github.com/clickhouse.com/data-plane-application/flowd/pkg/grpc/flow_handler_grpc.pb.go:43.116,45.16 2 0
github.com/clickhouse.com/data-plane-application/flowd/pkg/grpc/flow_handler_grpc.pb.go:45.16,47.3 1 0
github.com/clickhouse.com/data-plane-application/flowd/pkg/grpc/flow_handler_grpc.pb.go:48.2,49.15 2 0
github.com/clickhouse.com/data-plane-application/flowd/pkg/grpc/flow_handler_grpc.pb.go:62.62,64.2 1 0
github.com/clickhouse.com/data-plane-application/flowd/pkg/grpc/flow_handler_grpc.pb.go:66.79,67.51 1 0
github.com/clickhouse.com/data-plane-application/flowd/pkg/grpc/flow_handler_grpc.pb.go:67.51,69.3 1 0
github.com/clickhouse.com/data-plane-application/flowd/pkg/grpc/flow_handler_grpc.pb.go:70.2,71.50 2 0
github.com/clickhouse.com/data-plane-application/flowd/pkg/grpc/flow_handler_grpc.pb.go:71.50,73.3 1 0
github.com/clickhouse.com/data-plane-application/flowd/pkg/grpc/flow_handler_grpc.pb.go:74.2,74.15 1 0
github.com/clickhouse.com/data-plane-application/flowd/pkg/grpc/flow_handler_grpc.pb.go:92.78,94.2 1 0
github.com/clickhouse.com/data-plane-application/flowd/pkg/grpc/flow_handler_grpc.pb.go:95.82,95.83 0 0
github.com/clickhouse.com/data-plane-application/flowd/pkg/grpc/flow_handler_grpc.pb.go:104.80,106.2 1 0
github.com/clickhouse.com/data-plane-application/flowd/pkg/grpc/flow_handler_grpc.pb.go:108.83,110.2 1 0
github.com/clickhouse.com/data-plane-application/flowd/pkg/grpc/flow_handler_grpc.pb.go:122.77,124.2 1 0
github.com/clickhouse.com/data-plane-application/flowd/pkg/grpc/flow_handler_grpc.pb.go:126.64,128.50 2 0
github.com/clickhouse.com/data-plane-application/flowd/pkg/grpc/flow_handler_grpc.pb.go:128.50,130.3 1 0
github.com/clickhouse.com/data-plane-application/flowd/pkg/grpc/flow_handler_grpc.pb.go:131.2,131.15 1 0
github.com/clickhouse.com/data-plane-application/flowd/pkg/inserter/inserter.go:80.145,83.16 3 0
github.com/clickhouse.com/data-plane-application/flowd/pkg/inserter/inserter.go:83.16,85.3 1 0
github.com/clickhouse.com/data-plane-application/flowd/pkg/inserter/inserter.go:86.2,87.16 2 0
github.com/clickhouse.com/data-plane-application/flowd/pkg/inserter/inserter.go:87.16,89.3 1 0
github.com/clickhouse.com/data-plane-application/flowd/pkg/inserter/inserter.go:95.2,97.23 3 0
github.com/clickhouse.com/data-plane-application/flowd/pkg/inserter/inserter.go:97.23,120.3 3 0
github.com/clickhouse.com/data-plane-application/flowd/pkg/inserter/inserter.go:122.2,122.36 1 0
github.com/clickhouse.com/data-plane-application/flowd/pkg/inserter/inserter.go:125.123,126.32 1 0
github.com/clickhouse.com/data-plane-application/flowd/pkg/inserter/inserter.go:126.32,128.3 1 0
github.com/clickhouse.com/data-plane-application/flowd/pkg/inserter/inserter.go:130.2,149.35 2 0
github.com/clickhouse.com/data-plane-application/flowd/pkg/inserter/inserter.go:149.35,151.3 1 0
github.com/clickhouse.com/data-plane-application/flowd/pkg/inserter/inserter.go:153.2,154.16 2 0
github.com/clickhouse.com/data-plane-application/flowd/pkg/inserter/inserter.go:154.16,156.3 1 0
github.com/clickhouse.com/data-plane-application/flowd/pkg/inserter/inserter.go:159.2,159.33 1 0
github.com/clickhouse.com/data-plane-application/flowd/pkg/inserter/inserter.go:159.33,160.40 1 0
github.com/clickhouse.com/data-plane-application/flowd/pkg/inserter/inserter.go:160.40,161.56 1 0
github.com/clickhouse.com/data-plane-application/flowd/pkg/inserter/inserter.go:161.56,163.5 1 0
github.com/clickhouse.com/data-plane-application/flowd/pkg/inserter/inserter.go:164.4,164.19 1 0
github.com/clickhouse.com/data-plane-application/flowd/pkg/inserter/inserter.go:168.2,168.18 1 0
github.com/clickhouse.com/data-plane-application/flowd/pkg/inserter/inserter.go:175.64,177.9 2 0
github.com/clickhouse.com/data-plane-application/flowd/pkg/inserter/inserter.go:178.17,179.26 1 0
github.com/clickhouse.com/data-plane-application/flowd/pkg/inserter/inserter.go:180.34,183.20 1 0
github.com/clickhouse.com/data-plane-application/flowd/pkg/inserter/inserter.go:183.20,185.4 1 0
github.com/clickhouse.com/data-plane-application/flowd/pkg/inserter/inserter.go:188.2,188.12 1 0
github.com/clickhouse.com/data-plane-application/flowd/pkg/inserter/worker.go:91.24,95.24 2 0
github.com/clickhouse.com/data-plane-application/flowd/pkg/inserter/worker.go:95.24,97.3 1 0
github.com/clickhouse.com/data-plane-application/flowd/pkg/inserter/worker.go:100.2,100.6 1 0
github.com/clickhouse.com/data-plane-application/flowd/pkg/inserter/worker.go:100.6,101.10 1 0
github.com/clickhouse.com/data-plane-application/flowd/pkg/inserter/worker.go:102.34,103.11 1 0
github.com/clickhouse.com/data-plane-application/flowd/pkg/inserter/worker.go:103.11,108.5 3 0
github.com/clickhouse.com/data-plane-application/flowd/pkg/inserter/worker.go:110.4,111.24 2 0
github.com/clickhouse.com/data-plane-application/flowd/pkg/inserter/worker.go:111.24,113.58 2 0
github.com/clickhouse.com/data-plane-application/flowd/pkg/inserter/worker.go:113.58,116.6 2 0
github.com/clickhouse.com/data-plane-application/flowd/pkg/inserter/worker.go:118.4,118.29 1 0
github.com/clickhouse.com/data-plane-application/flowd/pkg/inserter/worker.go:118.29,120.58 2 0
github.com/clickhouse.com/data-plane-application/flowd/pkg/inserter/worker.go:120.58,123.6 2 0
github.com/clickhouse.com/data-plane-application/flowd/pkg/inserter/worker.go:125.4,125.13 1 0
github.com/clickhouse.com/data-plane-application/flowd/pkg/inserter/worker.go:126.38,129.22 3 0
github.com/clickhouse.com/data-plane-application/flowd/pkg/inserter/worker.go:129.22,131.40 2 0
github.com/clickhouse.com/data-plane-application/flowd/pkg/inserter/worker.go:131.40,137.6 5 0
github.com/clickhouse.com/data-plane-application/flowd/pkg/inserter/worker.go:137.11,142.6 4 0
github.com/clickhouse.com/data-plane-application/flowd/pkg/inserter/worker.go:143.5,144.65 2 0
github.com/clickhouse.com/data-plane-application/flowd/pkg/inserter/worker.go:147.4,147.25 1 0
github.com/clickhouse.com/data-plane-application/flowd/pkg/inserter/worker.go:148.43,151.22 3 0
github.com/clickhouse.com/data-plane-application/flowd/pkg/inserter/worker.go:151.22,153.45 2 0
github.com/clickhouse.com/data-plane-application/flowd/pkg/inserter/worker.go:153.45,159.6 5 0
github.com/clickhouse.com/data-plane-application/flowd/pkg/inserter/worker.go:159.11,164.6 4 0
github.com/clickhouse.com/data-plane-application/flowd/pkg/inserter/worker.go:166.5,167.75 2 0
github.com/clickhouse.com/data-plane-application/flowd/pkg/inserter/worker.go:170.4,170.30 1 0
github.com/clickhouse.com/data-plane-application/flowd/pkg/inserter/worker.go:175.60,184.74 4 0
github.com/clickhouse.com/data-plane-application/flowd/pkg/inserter/worker.go:184.74,188.3 2 0
github.com/clickhouse.com/data-plane-application/flowd/pkg/inserter/worker.go:190.2,190.80 1 0
github.com/clickhouse.com/data-plane-application/flowd/pkg/inserter/worker.go:190.80,194.3 2 0
github.com/clickhouse.com/data-plane-application/flowd/pkg/inserter/worker.go:199.2,199.40 1 0
github.com/clickhouse.com/data-plane-application/flowd/pkg/inserter/worker.go:199.40,205.151 1 0
github.com/clickhouse.com/data-plane-application/flowd/pkg/inserter/worker.go:205.151,208.4 2 0
github.com/clickhouse.com/data-plane-application/flowd/pkg/inserter/worker.go:210.2,210.40 1 0
github.com/clickhouse.com/data-plane-application/flowd/pkg/inserter/worker.go:210.40,219.102 1 0
github.com/clickhouse.com/data-plane-application/flowd/pkg/inserter/worker.go:219.102,222.4 2 0
github.com/clickhouse.com/data-plane-application/flowd/pkg/inserter/worker.go:224.2,224.42 1 0
github.com/clickhouse.com/data-plane-application/flowd/pkg/inserter/worker.go:224.42,234.106 1 0
github.com/clickhouse.com/data-plane-application/flowd/pkg/inserter/worker.go:234.106,237.4 2 0
github.com/clickhouse.com/data-plane-application/flowd/pkg/inserter/worker.go:241.2,243.16 3 0
github.com/clickhouse.com/data-plane-application/flowd/pkg/inserter/worker.go:243.16,248.3 4 0
github.com/clickhouse.com/data-plane-application/flowd/pkg/inserter/worker.go:250.2,250.49 1 0
github.com/clickhouse.com/data-plane-application/flowd/pkg/inserter/worker.go:250.49,252.3 1 0
github.com/clickhouse.com/data-plane-application/flowd/pkg/inserter/worker.go:254.2,258.33 4 0
github.com/clickhouse.com/data-plane-application/flowd/pkg/inserter/worker.go:258.33,260.38 2 0
github.com/clickhouse.com/data-plane-application/flowd/pkg/inserter/worker.go:260.38,266.4 5 0
github.com/clickhouse.com/data-plane-application/flowd/pkg/inserter/worker.go:266.9,272.4 4 0
github.com/clickhouse.com/data-plane-application/flowd/pkg/inserter/worker.go:274.3,275.63 2 0
github.com/clickhouse.com/data-plane-application/flowd/pkg/inserter/worker.go:279.35,282.78 3 0
github.com/clickhouse.com/data-plane-application/flowd/pkg/inserter/worker.go:282.78,285.79 3 0
github.com/clickhouse.com/data-plane-application/flowd/pkg/inserter/worker.go:285.79,287.4 1 0
github.com/clickhouse.com/data-plane-application/flowd/pkg/inserter/worker.go:290.2,290.12 1 0
github.com/clickhouse.com/data-plane-application/flowd/pkg/inserter/worker.go:293.65,387.38 9 0
github.com/clickhouse.com/data-plane-application/flowd/pkg/inserter/worker.go:387.38,389.43 2 0
github.com/clickhouse.com/data-plane-application/flowd/pkg/inserter/worker.go:389.43,395.4 5 0
github.com/clickhouse.com/data-plane-application/flowd/pkg/inserter/worker.go:395.9,400.4 4 0
github.com/clickhouse.com/data-plane-application/flowd/pkg/inserter/worker.go:402.3,403.73 2 0
github.com/clickhouse.com/data-plane-application/flowd/pkg/inserter/worker.go:407.40,449.88 3 0
github.com/clickhouse.com/data-plane-application/flowd/pkg/inserter/worker.go:449.88,452.89 3 0
github.com/clickhouse.com/data-plane-application/flowd/pkg/inserter/worker.go:452.89,454.4 1 0
github.com/clickhouse.com/data-plane-application/flowd/pkg/inserter/worker.go:457.2,457.12 1 0
github.com/clickhouse.com/data-plane-application/flowd/pkg/inserter/worker.go:460.53,463.2 2 3
github.com/clickhouse.com/data-plane-application/flowd/pkg/inserter/worker.go:465.56,468.2 2 3
github.com/clickhouse.com/data-plane-application/flowd/pkg/inserter/worker.go:470.59,471.19 1 0
github.com/clickhouse.com/data-plane-application/flowd/pkg/inserter/worker.go:471.19,472.10 1 0
github.com/clickhouse.com/data-plane-application/flowd/pkg/inserter/worker.go:473.18,473.18 0 0
github.com/clickhouse.com/data-plane-application/flowd/pkg/inserter/worker.go:474.11,474.11 0 0
github.com/clickhouse.com/data-plane-application/flowd/pkg/inserter/worker.go:477.2,477.22 1 0
